[0.000000] (-) TimerEvent: {}
[0.001483] (my_robot_controller) JobQueued: {'identifier': 'my_robot_controller', 'dependencies': OrderedDict()}
[0.001595] (my_robot_controller) JobStarted: {'identifier': 'my_robot_controller'}
[0.099652] (-) TimerEvent: {}
[0.200011] (-) TimerEvent: {}
[0.300367] (-) TimerEvent: {}
[0.400662] (-) TimerEvent: {}
[0.501011] (-) TimerEvent: {}
[0.601370] (-) TimerEvent: {}
[0.701749] (-) TimerEvent: {}
[0.802092] (-) TimerEvent: {}
[0.902430] (-) TimerEvent: {}
[0.920631] (my_robot_controller) StderrLine: {'line': b'Traceback (most recent call last):\n  File "/usr/lib/python3/dist-packages/colcon_parallel_executor/executor/parallel.py", line 67, in execute\n    loop.run_until_complete(future)\n  File "/usr/lib/python3.10/asyncio/base_events.py", line 633, in run_until_complete\n    self.run_forever()\n  File "/usr/lib/python3.10/asyncio/base_events.py", line 600, in run_forever\n    self._run_once()\n  File "/usr/lib/python3.10/asyncio/base_events.py", line 1860, in _run_once\n    event_list = self._selector.select(timeout)\n  File "/usr/lib/python3.10/selectors.py", line 469, in select\n    fd_event_list = self._selector.poll(timeout, max_ev)\nKeyboardInterrupt\n\nDuring handling of the above exception, another exception occurred:\n\nTraceback (most recent call last):\n  File "/usr/lib/python3/dist-packages/colcon_core/executor/__init__.py", line 91, in __call__\n    rc = await self.task(*args, **kwargs)\n  File "/usr/lib/python3/dist-packages/colcon_core/task/__init__.py", line 93, in __call__\n    return await task_method(*args, **kwargs)\n  File "/usr/lib/python3/dist-packages/colcon_ros/task/ament_python/build.py", line 105, in build\n    return await extension.build(additional_hooks=additional_hooks)\n  File "/usr/lib/python3/dist-packages/colcon_core/task/python/build.py", line 81, in build\n    available_commands = await self._get_available_commands(\n  File "/usr/lib/python3/dist-packages/colcon_core/task/python/build.py", line 171, in _get_available_commands\n    output = await check_output(\n  File "/usr/lib/python3/dist-packages/colcon_core/subprocess.py", line 128, in check_output\n    assert not rc, f\'Expected {args} to pass: {stderr_data}\'\nAssertionError: Expected [\'/usr/bin/python3\', \'setup.py\', \'--help-commands\'] to pass: Traceback (most recent call last):\n  File "/home/red/ros2_ws/src/my_robot_controller/setup.py", line 1, in <module>\n    from setuptools import setup\n  File "/home/red/.local/lib/python3.10/site-packages/setuptools/__init__.py", line 16, in <module>\n    import setuptools.version\n  File "/home/red/.local/lib/python3.10/site-packages/setuptools/version.py", line 1, in <module>\n    import pkg_resources\n  File "/home/red/.local/lib/python3.10/site-packages/pkg_resources/__init__.py", line 3243, in <module>\n    def _initialize_master_working_set():\n  File "/home/red/.local/lib/python3.10/site-packages/pkg_resources/__init__.py", line 3226, in _call_aside\n    f(*args, **kwargs)\n  File "/home/red/.local/lib/python3.10/site-packages/pkg_resources/__init__.py", line 3278, in _initialize_master_working_set\n    list(map(working_set.add_entry, sys.path))\n  File "/home/red/.local/lib/python3.10/site-packages/pkg_resources/__init__.py", line 608, in add_entry\n    for dist in find_distributions(entry, True):\n  File "/home/red/.local/lib/python3.10/site-packages/pkg_resources/__init__.py", line 2063, in find_on_path\n    for dist in factory(fullpath):\n  File "/home/red/.local/lib/python3.10/site-packages/pkg_resources/__init__.py", line 2128, in distributions_from_metadata\n    yield Distribution.from_location(\n  File "/home/red/.local/lib/python3.10/site-packages/pkg_resources/__init__.py", line 2591, in from_location\n    )._reload_version()\n  File "/home/red/.local/lib/python3.10/site-packages/pkg_resources/__init__.py", line 2989, in _reload_version\n    md_version = self._get_version()\n  File "/home/red/.local/lib/python3.10/site-packages/pkg_resources/__init__.py", line 2770, in _get_version\n    version = _version_from_file(lines)\n  File "/home/red/.local/lib/python3.10/site-packages/pkg_resources/__init__.py", line 2554, in _version_from_file\n    line = next(iter(version_lines), \'\')\n  File "/home/red/.local/lib/python3.10/site-packages/pkg_resources/__init__.py", line 2765, in _get_metadata\n    for line in self.get_metadata_lines(name):\n  File "/home/red/.local/lib/python3.10/site-packages/pkg_resources/__init__.py", line 1417, in get_metadata_lines\n    return yield_lines(self.get_metadata(name))\n  File "/home/red/.local/lib/python3.10/site-packages/pkg_resources/__init__.py", line 1404, in get_metadata\n    if not self.egg_info:\nKeyboardInterrupt\n\n'}
[0.922233] (my_robot_controller) JobEnded: {'identifier': 'my_robot_controller', 'rc': 'SIGINT'}
[0.931299] (-) EventReactorShutdown: {}
