[0.010s] Invoking command in '/home/moveon2/rosWorkSpace/ros2_ws/build/my_cpp_pkg': CMAKE_PREFIX_PATH=${CMAKE_PREFIX_PATH}:/home/moveon2/rosWorkSpace/ros2_ws/install/my_py_pkg:/opt/ros/humble /home/moveon2/.local/bin/cmake /home/moveon2/rosWorkSpace/ros2_ws/src/my_cpp_pkg -DCMAKE_INSTALL_PREFIX=/home/moveon2/rosWorkSpace/ros2_ws/install/my_cpp_pkg
[0.103s] -- The C compiler identification is GNU 9.5.0
[0.158s] -- The CXX compiler identification is GNU 11.4.0
[0.166s] -- Detecting C compiler ABI info
[0.202s] -- Detecting C compiler ABI info - done
[0.208s] -- Check for working C compiler: /usr/bin/cc - skipped
[0.208s] -- Detecting C compile features
[0.208s] -- Detecting C compile features - done
[0.211s] -- Detecting CXX compiler ABI info
[0.252s] -- Detecting CXX compiler ABI info - done
[0.257s] -- Check for working CXX compiler: /usr/bin/c++ - skipped
[0.257s] -- Detecting CXX compile features
[0.258s] -- Detecting CXX compile features - done
[0.263s] -- Found ament_cmake: 1.3.5 (/opt/ros/humble/share/ament_cmake/cmake)
[0.491s] -- Found Python3: /usr/bin/python3.10 (found version "3.10.12") found components: Interpreter 
[0.558s] -- Found rclcpp: 16.0.5 (/opt/ros/humble/share/rclcpp/cmake)
[0.594s] -- Found rosidl_generator_c: 3.1.5 (/opt/ros/humble/share/rosidl_generator_c/cmake)
[0.599s] -- Found rosidl_adapter: 3.1.5 (/opt/ros/humble/share/rosidl_adapter/cmake)
[0.606s] -- Found rosidl_generator_cpp: 3.1.5 (/opt/ros/humble/share/rosidl_generator_cpp/cmake)
[0.619s] -- Using all available rosidl_typesupport_c: rosidl_typesupport_fastrtps_c;rosidl_typesupport_introspection_c
[0.635s] -- Using all available rosidl_typesupport_cpp: rosidl_typesupport_fastrtps_cpp;rosidl_typesupport_introspection_cpp
[0.687s] -- Found rmw_implementation_cmake: 6.1.1 (/opt/ros/humble/share/rmw_implementation_cmake/cmake)
[0.689s] -- Found rmw_fastrtps_cpp: 6.2.3 (/opt/ros/humble/share/rmw_fastrtps_cpp/cmake)
[0.745s] -- Found OpenSSL: /usr/local/lib/libcrypto.so (found version "1.1.1f")  
[0.762s] -- Found FastRTPS: /opt/ros/humble/include  
[0.789s] -- Using RMW implementation 'rmw_fastrtps_cpp' as default
[0.797s] -- Performing Test CMAKE_HAVE_LIBC_PTHREAD
[0.835s] -- Performing Test CMAKE_HAVE_LIBC_PTHREAD - Success
[0.835s] -- Found Threads: TRUE  
[0.983s] -- Configuring done
[0.988s] -- Generating done
[0.988s] -- Build files have been written to: /home/moveon2/rosWorkSpace/ros2_ws/build/my_cpp_pkg
[0.998s] Invoked command in '/home/moveon2/rosWorkSpace/ros2_ws/build/my_cpp_pkg' returned '0': CMAKE_PREFIX_PATH=${CMAKE_PREFIX_PATH}:/home/moveon2/rosWorkSpace/ros2_ws/install/my_py_pkg:/opt/ros/humble /home/moveon2/.local/bin/cmake /home/moveon2/rosWorkSpace/ros2_ws/src/my_cpp_pkg -DCMAKE_INSTALL_PREFIX=/home/moveon2/rosWorkSpace/ros2_ws/install/my_cpp_pkg
[0.998s] Invoking command in '/home/moveon2/rosWorkSpace/ros2_ws/build/my_cpp_pkg': CMAKE_PREFIX_PATH=${CMAKE_PREFIX_PATH}:/home/moveon2/rosWorkSpace/ros2_ws/install/my_py_pkg:/opt/ros/humble /home/moveon2/.local/bin/cmake --build /home/moveon2/rosWorkSpace/ros2_ws/build/my_cpp_pkg -- -j16 -l16
[1.027s] [ 50%] [32mBuilding CXX object CMakeFiles/cpp_node.dir/src/my_first_node.cpp.o[0m
[2.135s] [01m[K/home/moveon2/rosWorkSpace/ros2_ws/src/my_cpp_pkg/src/my_first_node.cpp:[m[K In function â€˜[01m[Kint main(int, char**)[m[Kâ€™:
[2.135s] [01m[K/home/moveon2/rosWorkSpace/ros2_ws/src/my_cpp_pkg/src/my_first_node.cpp:11:5:[m[K [01;31m[Kerror: [m[Kexpected â€˜[01m[K;[m[Kâ€™ before â€˜[01m[Krclcpp[m[Kâ€™
[2.135s]    11 |     [01;31m[Krclcpp[m[K::spin(node)
[2.135s]       |     [01;31m[K^~~~~~[m[K
[2.135s] [01m[K/home/moveon2/rosWorkSpace/ros2_ws/src/my_cpp_pkg/src/my_first_node.cpp:11:23:[m[K [01;31m[Kerror: [m[Kexpected â€˜[01m[K;[m[Kâ€™ before â€˜[01m[Krclcpp[m[Kâ€™
[2.135s]    11 |     rclcpp::spin(node)
[2.136s]       |                       [01;31m[K^[m[K
[2.136s]       |                       [32m[K;[m[K
[2.136s]    12 |     [32m[Krclcpp[m[K::shutdown();
[2.136s]       |     [32m[K~~~~~~[m[K             
[2.355s] gmake[2]: *** [CMakeFiles/cpp_node.dir/build.make:76: CMakeFiles/cpp_node.dir/src/my_first_node.cpp.o] Error 1
[2.356s] gmake[1]: *** [CMakeFiles/Makefile2:137: CMakeFiles/cpp_node.dir/all] Error 2
[2.356s] gmake: *** [Makefile:146: all] Error 2
[2.361s] Invoked command in '/home/moveon2/rosWorkSpace/ros2_ws/build/my_cpp_pkg' returned '2': CMAKE_PREFIX_PATH=${CMAKE_PREFIX_PATH}:/home/moveon2/rosWorkSpace/ros2_ws/install/my_py_pkg:/opt/ros/humble /home/moveon2/.local/bin/cmake --build /home/moveon2/rosWorkSpace/ros2_ws/build/my_cpp_pkg -- -j16 -l16
